-------------------------------------------------------------------------------
Test set: br.net.ipp.configuracoes.UsuarioRepositoryTest
-------------------------------------------------------------------------------
Tests run: 4, Failures: 2, Errors: 0, Skipped: 0, Time elapsed: 0.654 sec <<< FAILURE! - in br.net.ipp.configuracoes.UsuarioRepositoryTest
updateShouldChangeAndPersistData(br.net.ipp.configuracoes.UsuarioRepositoryTest)  Time elapsed: 0.156 sec  <<< FAILURE!
org.junit.ComparisonFailure: expected:<[123456789]> but was:<["123456789"]>
	at sun.reflect.NativeConstructorAccessorImpl.newInstance0(Native Method)
	at sun.reflect.NativeConstructorAccessorImpl.newInstance(NativeConstructorAccessorImpl.java:62)
	at sun.reflect.DelegatingConstructorAccessorImpl.newInstance(DelegatingConstructorAccessorImpl.java:45)
	at br.net.ipp.configuracoes.UsuarioRepositoryTest.updateShouldChangeAndPersistData(UsuarioRepositoryTest.java:190)

createShouldPersistData(br.net.ipp.configuracoes.UsuarioRepositoryTest)  Time elapsed: 0.09 sec  <<< FAILURE!
org.junit.ComparisonFailure: expected:<[123456789]> but was:<["123456789"]>
	at sun.reflect.NativeConstructorAccessorImpl.newInstance0(Native Method)
	at sun.reflect.NativeConstructorAccessorImpl.newInstance(NativeConstructorAccessorImpl.java:62)
	at sun.reflect.DelegatingConstructorAccessorImpl.newInstance(DelegatingConstructorAccessorImpl.java:45)
	at br.net.ipp.configuracoes.UsuarioRepositoryTest.createShouldPersistData(UsuarioRepositoryTest.java:73)

