<?xml version="1.0" encoding="UTF-8"?>
<testsuite name="br.net.ipp.configuracoes.UsuarioRepositoryTest" time="0.65" tests="4" errors="0" skipped="0" failures="2">
  <properties>
[...]
</properties>
  <testcase name="updateShouldChangeAndPersistData" classname="br.net.ipp.configuracoes.UsuarioRepositoryTest" time="0.156">
    <failure message="expected:&lt;[123456789]&gt; but was:&lt;[&quot;123456789&quot;]&gt;" type="org.junit.ComparisonFailure"><![CDATA[org.junit.ComparisonFailure: expected:<[123456789]> but was:<["123456789"]>
	at sun.reflect.NativeConstructorAccessorImpl.newInstance0(Native Method)
	at sun.reflect.NativeConstructorAccessorImpl.newInstance(NativeConstructorAccessorImpl.java:62)
	at sun.reflect.DelegatingConstructorAccessorImpl.newInstance(DelegatingConstructorAccessorImpl.java:45)
	at br.net.ipp.configuracoes.UsuarioRepositoryTest.updateShouldChangeAndPersistData(UsuarioRepositoryTest.java:190)
]]></failure>
    <system-out><![CDATA[2018-01-28 23:54:36.847  INFO 19472 --- [           main] .b.t.c.SpringBootTestContextBootstrapper : Neither @ContextConfiguration nor @ContextHierarchy found for test class [br.net.ipp.configuracoes.UsuarioRepositoryTest], using SpringBootContextLoader
2018-01-28 23:54:36.848  INFO 19472 --- [           main] o.s.t.c.support.AbstractContextLoader    : Could not detect default resource locations for test class [br.net.ipp.configuracoes.UsuarioRepositoryTest]: no resource found for suffixes {-context.xml, Context.groovy}.
2018-01-28 23:54:36.848  INFO 19472 --- [           main] t.c.s.AnnotationConfigContextLoaderUtils : Could not detect default configuration classes for test class [br.net.ipp.configuracoes.UsuarioRepositoryTest]: UsuarioRepositoryTest does not declare any static, non-private, non-final, nested classes annotated with @Configuration.
2018-01-28 23:54:36.851  INFO 19472 --- [           main] .b.t.c.SpringBootTestContextBootstrapper : Found @SpringBootConfiguration br.net.ipp.Boot for test class br.net.ipp.configuracoes.UsuarioRepositoryTest
2018-01-28 23:54:36.853  INFO 19472 --- [           main] .b.t.c.SpringBootTestContextBootstrapper : Loaded default TestExecutionListener class names from location [META-INF/spring.factories]: [org.springframework.boot.test.mock.mockito.MockitoTestExecutionListener, org.springframework.boot.test.mock.mockito.ResetMocksTestExecutionListener, org.springframework.boot.test.autoconfigure.restdocs.RestDocsTestExecutionListener, org.springframework.boot.test.autoconfigure.web.client.MockRestServiceServerResetTestExecutionListener, org.springframework.boot.test.autoconfigure.web.servlet.MockMvcPrintOnlyOnFailureTestExecutionListener, org.springframework.boot.test.autoconfigure.web.servlet.WebDriverTestExecutionListener, org.springframework.test.context.web.ServletTestExecutionListener, org.springframework.test.context.support.DirtiesContextBeforeModesTestExecutionListener, org.springframework.test.context.support.DependencyInjectionTestExecutionListener, org.springframework.test.context.support.DirtiesContextTestExecutionListener, org.springframework.test.context.transaction.TransactionalTestExecutionListener, org.springframework.test.context.jdbc.SqlScriptsTestExecutionListener]
2018-01-28 23:54:36.855  INFO 19472 --- [           main] .b.t.c.SpringBootTestContextBootstrapper : Using TestExecutionListeners: [org.springframework.test.context.web.ServletTestExecutionListener@608448e7, org.springframework.test.context.support.DirtiesContextBeforeModesTestExecutionListener@3bd7829b, org.springframework.boot.test.autoconfigure.SpringBootDependencyInjectionTestExecutionListener@4faccb34, org.springframework.test.context.support.DirtiesContextTestExecutionListener@2cb4e4b1, org.springframework.test.context.transaction.TransactionalTestExecutionListener@6e3552b0, org.springframework.test.context.jdbc.SqlScriptsTestExecutionListener@6971c6b7, org.springframework.boot.test.autoconfigure.web.client.MockRestServiceServerResetTestExecutionListener@402d45c6, org.springframework.boot.test.autoconfigure.web.servlet.WebDriverTestExecutionListener@4b37b01e, org.springframework.boot.test.autoconfigure.restdocs.RestDocsTestExecutionListener@f53db1a, org.springframework.boot.test.mock.mockito.MockitoTestExecutionListener@6870e039, org.springframework.boot.test.mock.mockito.ResetMocksTestExecutionListener@42599b84, org.springframework.boot.test.autoconfigure.web.servlet.MockMvcPrintOnlyOnFailureTestExecutionListener@34986491]
]]></system-out>
  </testcase>
  <testcase name="createShouldPersistData" classname="br.net.ipp.configuracoes.UsuarioRepositoryTest" time="0.09">
    <failure message="expected:&lt;[123456789]&gt; but was:&lt;[&quot;123456789&quot;]&gt;" type="org.junit.ComparisonFailure"><![CDATA[org.junit.ComparisonFailure: expected:<[123456789]> but was:<["123456789"]>
	at sun.reflect.NativeConstructorAccessorImpl.newInstance0(Native Method)
	at sun.reflect.NativeConstructorAccessorImpl.newInstance(NativeConstructorAccessorImpl.java:62)
	at sun.reflect.DelegatingConstructorAccessorImpl.newInstance(DelegatingConstructorAccessorImpl.java:45)
	at br.net.ipp.configuracoes.UsuarioRepositoryTest.createShouldPersistData(UsuarioRepositoryTest.java:73)
]]></failure>
  </testcase>
  <testcase name="deleteShouldRemoveData" classname="br.net.ipp.configuracoes.UsuarioRepositoryTest" time="0.054"/>
  <testcase name="ListAll" classname="br.net.ipp.configuracoes.UsuarioRepositoryTest" time="0.35"/>
</testsuite>